<?xml version="1.0" encoding="UTF-8"?>
<robot generator="Robot 4.1.2 (Python 3.10.0 on win32)" generated="20211031 23:03:10.163" rpa="false" schemaversion="2">
<suite id="s1" name="TestInventory" source="C:\Users\Vlad\PycharmProjects\pythonProject2\Automation\tests\TestInventory.robot">
<kw name="Log" library="BuiltIn" type="SETUP">
<arg>Test start</arg>
<doc>Logs the given message with the given level.</doc>
<msg timestamp="20211031 23:03:10.633" level="INFO">Test start</msg>
<status status="PASS" starttime="20211031 23:03:10.633" endtime="20211031 23:03:10.633"/>
</kw>
<test id="s1-t1" name="Test#10 ButtonEditEqualCreateObject2">
<kw name="Go to Inventory page" library="InventoryPage" type="SETUP">
<kw name="Go to Start Page" library="StartPage">
<arg>Volodin_admin</arg>
<arg>Password123$</arg>
<kw name="Go to Registration Page" library="Utils">
<kw name="Open Browser" library="SeleniumLibrary">
<arg>${url}</arg>
<arg>${BROWSER}[0]</arg>
<doc>Opens a new browser instance to the optional ``url``.</doc>
<msg timestamp="20211031 23:03:10.639" level="INFO">Opening browser 'Chrome' to base url 'https://inventory.edu-netcracker.com/pages/registration.xhtml'.</msg>
<status status="PASS" starttime="20211031 23:03:10.638" endtime="20211031 23:03:13.114"/>
</kw>
<kw name="Sleep" library="BuiltIn">
<arg>2s</arg>
<doc>Pauses the test executed for the given time.</doc>
<msg timestamp="20211031 23:03:15.126" level="INFO">Slept 2 seconds</msg>
<status status="PASS" starttime="20211031 23:03:13.115" endtime="20211031 23:03:15.126"/>
</kw>
<kw name="Registration Page Should Be Open" library="Utils">
<kw name="Sleep" library="BuiltIn">
<arg>2s</arg>
<doc>Pauses the test executed for the given time.</doc>
<msg timestamp="20211031 23:03:17.140" level="INFO">Slept 2 seconds</msg>
<status status="PASS" starttime="20211031 23:03:15.128" endtime="20211031 23:03:17.140"/>
</kw>
<kw name="Title Should Be" library="SeleniumLibrary">
<arg>Registration</arg>
<doc>Verifies that the current page title equals ``title``.</doc>
<msg timestamp="20211031 23:03:17.148" level="INFO">Page title is 'Registration'.</msg>
<status status="PASS" starttime="20211031 23:03:17.141" endtime="20211031 23:03:17.148"/>
</kw>
<status status="PASS" starttime="20211031 23:03:15.127" endtime="20211031 23:03:17.148"/>
</kw>
<status status="PASS" starttime="20211031 23:03:10.637" endtime="20211031 23:03:17.149"/>
</kw>
<kw name="Click login" library="RegistrationPage">
<kw name="Click Element" library="SeleniumLibrary">
<arg>xpath = //a[@class='button']</arg>
<doc>Click the element identified by ``locator``.</doc>
<msg timestamp="20211031 23:03:17.150" level="INFO">Clicking element 'xpath = //a[@class='button']'.</msg>
<status status="PASS" starttime="20211031 23:03:17.150" endtime="20211031 23:03:17.574"/>
</kw>
<status status="PASS" starttime="20211031 23:03:17.149" endtime="20211031 23:03:17.575"/>
</kw>
<kw name="Login Page Should Be Open" library="Utils">
<kw name="Sleep" library="BuiltIn">
<arg>2s</arg>
<doc>Pauses the test executed for the given time.</doc>
<msg timestamp="20211031 23:03:19.576" level="INFO">Slept 2 seconds</msg>
<status status="PASS" starttime="20211031 23:03:17.575" endtime="20211031 23:03:19.577"/>
</kw>
<kw name="Title Should Be" library="SeleniumLibrary">
<arg>Login Page</arg>
<doc>Verifies that the current page title equals ``title``.</doc>
<msg timestamp="20211031 23:03:19.589" level="INFO">Page title is 'Login Page'.</msg>
<status status="PASS" starttime="20211031 23:03:19.577" endtime="20211031 23:03:19.590"/>
</kw>
<status status="PASS" starttime="20211031 23:03:17.575" endtime="20211031 23:03:19.590"/>
</kw>
<kw name="Fills login form" library="LoginPage">
<arg>${username}</arg>
<arg>${password}</arg>
<kw name="Sleep" library="BuiltIn">
<arg>2s</arg>
<doc>Pauses the test executed for the given time.</doc>
<msg timestamp="20211031 23:03:21.606" level="INFO">Slept 2 seconds</msg>
<status status="PASS" starttime="20211031 23:03:19.592" endtime="20211031 23:03:21.606"/>
</kw>
<kw name="Input Text" library="SeleniumLibrary">
<arg>name = j_username</arg>
<arg>${userNameField}</arg>
<doc>Types the given ``text`` into the text field identified by ``locator``.</doc>
<msg timestamp="20211031 23:03:21.608" level="INFO">Typing text 'Volodin_admin' into text field 'name = j_username'.</msg>
<status status="PASS" starttime="20211031 23:03:21.607" endtime="20211031 23:03:21.762"/>
</kw>
<kw name="Sleep" library="BuiltIn">
<arg>2s</arg>
<doc>Pauses the test executed for the given time.</doc>
<msg timestamp="20211031 23:03:23.770" level="INFO">Slept 2 seconds</msg>
<status status="PASS" starttime="20211031 23:03:21.762" endtime="20211031 23:03:23.770"/>
</kw>
<kw name="Input Password" library="SeleniumLibrary">
<arg>name = j_password</arg>
<arg>${passwordField}</arg>
<doc>Types the given password into the text field identified by ``locator``.</doc>
<msg timestamp="20211031 23:03:23.771" level="INFO">Typing password into text field 'name = j_password'.</msg>
<msg timestamp="20211031 23:03:23.843" level="INFO">Temporally setting log level to: NONE</msg>
<msg timestamp="20211031 23:03:23.941" level="INFO">Log level changed from NONE to INFO.</msg>
<status status="PASS" starttime="20211031 23:03:23.770" endtime="20211031 23:03:23.942"/>
</kw>
<status status="PASS" starttime="20211031 23:03:19.591" endtime="20211031 23:03:23.942"/>
</kw>
<kw name="Click login" library="LoginPage">
<kw name="Click Button" library="SeleniumLibrary">
<arg>name = submit</arg>
<doc>Clicks the button identified by ``locator``.</doc>
<msg timestamp="20211031 23:03:23.944" level="INFO">Clicking button 'name = submit'.</msg>
<status status="PASS" starttime="20211031 23:03:23.943" endtime="20211031 23:03:27.001"/>
</kw>
<status status="PASS" starttime="20211031 23:03:23.942" endtime="20211031 23:03:27.001"/>
</kw>
<kw name="Start Page Should Be Open" library="Utils">
<kw name="Sleep" library="BuiltIn">
<arg>2s</arg>
<doc>Pauses the test executed for the given time.</doc>
<msg timestamp="20211031 23:03:29.017" level="INFO">Slept 2 seconds</msg>
<status status="PASS" starttime="20211031 23:03:27.002" endtime="20211031 23:03:29.018"/>
</kw>
<kw name="Title Should Be" library="SeleniumLibrary">
<arg>Top</arg>
<doc>Verifies that the current page title equals ``title``.</doc>
<msg timestamp="20211031 23:03:29.029" level="INFO">Page title is 'Top'.</msg>
<status status="PASS" starttime="20211031 23:03:29.019" endtime="20211031 23:03:29.029"/>
</kw>
<status status="PASS" starttime="20211031 23:03:27.002" endtime="20211031 23:03:29.029"/>
</kw>
<status status="PASS" starttime="20211031 23:03:10.636" endtime="20211031 23:03:29.030"/>
</kw>
<kw name="Click inventory button" library="StartPage">
<kw name="Wait Until Page Contains Element" library="SeleniumLibrary">
<arg>xpath://*[@id="inventory"]/a</arg>
<doc>Waits until the element ``locator`` appears on the current page.</doc>
<status status="PASS" starttime="20211031 23:03:29.032" endtime="20211031 23:03:29.058"/>
</kw>
<kw name="Click Element" library="SeleniumLibrary">
<arg>xpath://*[@id="inventory"]/a</arg>
<doc>Click the element identified by ``locator``.</doc>
<msg timestamp="20211031 23:03:29.060" level="INFO">Clicking element 'xpath://*[@id="inventory"]/a'.</msg>
<status status="PASS" starttime="20211031 23:03:29.059" endtime="20211031 23:03:31.051"/>
</kw>
<status status="PASS" starttime="20211031 23:03:29.030" endtime="20211031 23:03:31.052"/>
</kw>
<kw name="Sleep" library="BuiltIn">
<arg>2s</arg>
<doc>Pauses the test executed for the given time.</doc>
<msg timestamp="20211031 23:03:33.066" level="INFO">Slept 2 seconds</msg>
<status status="PASS" starttime="20211031 23:03:31.052" endtime="20211031 23:03:33.066"/>
</kw>
<status status="PASS" starttime="20211031 23:03:10.635" endtime="20211031 23:03:33.067"/>
</kw>
<kw name="Enter information about country" library="InventoryPage">
<arg>Brazil</arg>
<arg>Rio</arg>
<arg>2</arg>
<kw name="Create country" library="InventoryPage">
<kw name="Sleep" library="BuiltIn">
<arg>1s</arg>
<doc>Pauses the test executed for the given time.</doc>
<msg timestamp="20211031 23:03:34.088" level="INFO">Slept 1 second</msg>
<status status="PASS" starttime="20211031 23:03:33.069" endtime="20211031 23:03:34.088"/>
</kw>
<kw name="Wait Until Page Contains Element" library="SeleniumLibrary">
<arg>xpath://*[@class='button' and normalize-space() = 'Create country']</arg>
<doc>Waits until the element ``locator`` appears on the current page.</doc>
<status status="PASS" starttime="20211031 23:03:34.089" endtime="20211031 23:03:34.109"/>
</kw>
<kw name="Click Element" library="SeleniumLibrary">
<arg>xpath://*[@class='button' and normalize-space() = 'Create country']</arg>
<doc>Click the element identified by ``locator``.</doc>
<msg timestamp="20211031 23:03:34.110" level="INFO">Clicking element 'xpath://*[@class='button' and normalize-space() = 'Create country']'.</msg>
<status status="PASS" starttime="20211031 23:03:34.109" endtime="20211031 23:03:34.559"/>
</kw>
<status status="PASS" starttime="20211031 23:03:33.068" endtime="20211031 23:03:34.560"/>
</kw>
<kw name="Wait Until Page Contains" library="SeleniumLibrary">
<arg>Create country</arg>
<doc>Waits until ``text`` appears on the current page.</doc>
<status status="PASS" starttime="20211031 23:03:34.560" endtime="20211031 23:03:34.583"/>
</kw>
<kw name="Title Should Be" library="SeleniumLibrary">
<arg>Create country</arg>
<doc>Verifies that the current page title equals ``title``.</doc>
<msg timestamp="20211031 23:03:34.591" level="INFO">Page title is 'Create country'.</msg>
<status status="PASS" starttime="20211031 23:03:34.583" endtime="20211031 23:03:34.591"/>
</kw>
<kw name="Input Text" library="SeleniumLibrary">
<arg>xpath://*[@id="j_idt74:name"]</arg>
<arg>${country}</arg>
<doc>Types the given ``text`` into the text field identified by ``locator``.</doc>
<msg timestamp="20211031 23:03:34.592" level="INFO">Typing text 'Brazil' into text field 'xpath://*[@id="j_idt74:name"]'.</msg>
<status status="PASS" starttime="20211031 23:03:34.591" endtime="20211031 23:03:34.779"/>
</kw>
<kw name="Input Text" library="SeleniumLibrary">
<arg>xpath://*[@id="j_idt74:language"]</arg>
<arg>${language}</arg>
<doc>Types the given ``text`` into the text field identified by ``locator``.</doc>
<msg timestamp="20211031 23:03:34.780" level="INFO">Typing text 'Rio' into text field 'xpath://*[@id="j_idt74:language"]'.</msg>
<status status="PASS" starttime="20211031 23:03:34.779" endtime="20211031 23:03:34.917"/>
</kw>
<kw name="Select From List By Index" library="SeleniumLibrary">
<arg>xpath://*[@id="j_idt74:continent"]</arg>
<arg>${continent}</arg>
<doc>Selects options from selection list ``locator`` by ``indexes``.</doc>
<msg timestamp="20211031 23:03:34.918" level="INFO">Selecting options from selection list 'xpath://*[@id="j_idt74:continent"]' by index 2.</msg>
<status status="PASS" starttime="20211031 23:03:34.918" endtime="20211031 23:03:35.102"/>
</kw>
<status status="PASS" starttime="20211031 23:03:33.067" endtime="20211031 23:03:35.102"/>
</kw>
<kw name="Sleep" library="BuiltIn">
<arg>4s</arg>
<doc>Pauses the test executed for the given time.</doc>
<msg timestamp="20211031 23:03:39.115" level="INFO">Slept 4 seconds</msg>
<status status="PASS" starttime="20211031 23:03:35.103" endtime="20211031 23:03:39.115"/>
</kw>
<kw name="Click save" library="InventoryPage">
<doc>Save the entered data and over to next step.</doc>
<kw name="Wait Until Page Contains Element" library="SeleniumLibrary">
<arg>xpath://*[@id="table_header"]/table/tbody/tr/td[1]/input</arg>
<doc>Waits until the element ``locator`` appears on the current page.</doc>
<status status="PASS" starttime="20211031 23:03:39.119" endtime="20211031 23:03:39.142"/>
</kw>
<kw name="Click Button" library="SeleniumLibrary">
<arg>xpath://*[@id="table_header"]/table/tbody/tr/td[1]/input</arg>
<doc>Clicks the button identified by ``locator``.</doc>
<msg timestamp="20211031 23:03:39.143" level="INFO">Clicking button 'xpath://*[@id="table_header"]/table/tbody/tr/td[1]/input'.</msg>
<status status="PASS" starttime="20211031 23:03:39.142" endtime="20211031 23:03:40.152"/>
</kw>
<status status="PASS" starttime="20211031 23:03:39.116" endtime="20211031 23:03:40.152"/>
</kw>
<kw name="Click edit data" library="InventoryPage">
<kw name="Wait Until Page Contains Element" library="SeleniumLibrary">
<arg>xpath://*[@id="table_header"]/table/tbody/tr/td/a</arg>
<doc>Waits until the element ``locator`` appears on the current page.</doc>
<status status="PASS" starttime="20211031 23:03:40.153" endtime="20211031 23:03:40.170"/>
</kw>
<kw name="Click Element" library="SeleniumLibrary">
<arg>xpath://*[@id="table_header"]/table/tbody/tr/td/a</arg>
<doc>Click the element identified by ``locator``.</doc>
<msg timestamp="20211031 23:03:40.171" level="INFO">Clicking element 'xpath://*[@id="table_header"]/table/tbody/tr/td/a'.</msg>
<status status="PASS" starttime="20211031 23:03:40.171" endtime="20211031 23:03:40.695"/>
</kw>
<status status="PASS" starttime="20211031 23:03:40.153" endtime="20211031 23:03:40.695"/>
</kw>
<kw name="Clear fields about country" library="InventoryPage">
<kw name="Title Should Be" library="SeleniumLibrary">
<arg>Brazil | Edit</arg>
<doc>Verifies that the current page title equals ``title``.</doc>
<msg timestamp="20211031 23:03:40.706" level="INFO">Page title is 'Brazil | Edit'.</msg>
<status status="PASS" starttime="20211031 23:03:40.698" endtime="20211031 23:03:40.706"/>
</kw>
<kw name="Input Text" library="SeleniumLibrary">
<arg>xpath://*[@id="j_idt74:name"]</arg>
<arg>${EMPTY}</arg>
<doc>Types the given ``text`` into the text field identified by ``locator``.</doc>
<msg timestamp="20211031 23:03:40.708" level="INFO">Typing text '' into text field 'xpath://*[@id="j_idt74:name"]'.</msg>
<status status="PASS" starttime="20211031 23:03:40.706" endtime="20211031 23:03:40.845"/>
</kw>
<kw name="Input Text" library="SeleniumLibrary">
<arg>xpath://*[@id="j_idt74:language"]</arg>
<arg>${EMPTY}</arg>
<doc>Types the given ``text`` into the text field identified by ``locator``.</doc>
<msg timestamp="20211031 23:03:40.847" level="INFO">Typing text '' into text field 'xpath://*[@id="j_idt74:language"]'.</msg>
<status status="PASS" starttime="20211031 23:03:40.845" endtime="20211031 23:03:40.981"/>
</kw>
<kw name="Select From List By Index" library="SeleniumLibrary">
<arg>xpath://*[@id="j_idt74:continent"]</arg>
<arg>0</arg>
<doc>Selects options from selection list ``locator`` by ``indexes``.</doc>
<msg timestamp="20211031 23:03:40.982" level="INFO">Selecting options from selection list 'xpath://*[@id="j_idt74:continent"]' by index 0.</msg>
<status status="PASS" starttime="20211031 23:03:40.982" endtime="20211031 23:03:41.106"/>
</kw>
<status status="PASS" starttime="20211031 23:03:40.697" endtime="20211031 23:03:41.107"/>
</kw>
<kw name="Edit information about country" library="InventoryPage">
<arg>Russia</arg>
<arg>Moscow</arg>
<arg>0</arg>
<kw name="Input Text" library="SeleniumLibrary">
<arg>xpath://*[@id="j_idt74:name"]</arg>
<arg>${country}</arg>
<doc>Types the given ``text`` into the text field identified by ``locator``.</doc>
<msg timestamp="20211031 23:03:41.109" level="INFO">Typing text 'Russia' into text field 'xpath://*[@id="j_idt74:name"]'.</msg>
<status status="PASS" starttime="20211031 23:03:41.109" endtime="20211031 23:03:41.215"/>
</kw>
<kw name="Input Text" library="SeleniumLibrary">
<arg>xpath://*[@id="j_idt74:language"]</arg>
<arg>${language}</arg>
<doc>Types the given ``text`` into the text field identified by ``locator``.</doc>
<msg timestamp="20211031 23:03:41.216" level="INFO">Typing text 'Moscow' into text field 'xpath://*[@id="j_idt74:language"]'.</msg>
<status status="PASS" starttime="20211031 23:03:41.215" endtime="20211031 23:03:41.317"/>
</kw>
<kw name="Select From List By Index" library="SeleniumLibrary">
<arg>xpath://*[@id="j_idt74:continent"]</arg>
<arg>${continent}</arg>
<doc>Selects options from selection list ``locator`` by ``indexes``.</doc>
<msg timestamp="20211031 23:03:41.319" level="INFO">Selecting options from selection list 'xpath://*[@id="j_idt74:continent"]' by index 0.</msg>
<status status="PASS" starttime="20211031 23:03:41.317" endtime="20211031 23:03:41.386"/>
</kw>
<status status="PASS" starttime="20211031 23:03:41.108" endtime="20211031 23:03:41.387"/>
</kw>
<kw name="Sleep" library="BuiltIn">
<arg>4s</arg>
<doc>Pauses the test executed for the given time.</doc>
<msg timestamp="20211031 23:03:45.398" level="INFO">Slept 4 seconds</msg>
<status status="PASS" starttime="20211031 23:03:41.388" endtime="20211031 23:03:45.399"/>
</kw>
<kw name="Click save" library="InventoryPage">
<doc>Save the entered data and over to next step.</doc>
<kw name="Wait Until Page Contains Element" library="SeleniumLibrary">
<arg>xpath://*[@id="table_header"]/table/tbody/tr/td[1]/input</arg>
<doc>Waits until the element ``locator`` appears on the current page.</doc>
<status status="PASS" starttime="20211031 23:03:45.401" endtime="20211031 23:03:45.416"/>
</kw>
<kw name="Click Button" library="SeleniumLibrary">
<arg>xpath://*[@id="table_header"]/table/tbody/tr/td[1]/input</arg>
<doc>Clicks the button identified by ``locator``.</doc>
<msg timestamp="20211031 23:03:45.417" level="INFO">Clicking button 'xpath://*[@id="table_header"]/table/tbody/tr/td[1]/input'.</msg>
<status status="PASS" starttime="20211031 23:03:45.416" endtime="20211031 23:03:46.167"/>
</kw>
<status status="PASS" starttime="20211031 23:03:45.400" endtime="20211031 23:03:46.167"/>
</kw>
<kw name="Title Should Be" library="SeleniumLibrary">
<arg>Russia</arg>
<doc>Verifies that the current page title equals ``title``.</doc>
<msg timestamp="20211031 23:03:46.177" level="INFO">Page title is 'Russia'.</msg>
<status status="PASS" starttime="20211031 23:03:46.169" endtime="20211031 23:03:46.177"/>
</kw>
<kw name="Close Browser" library="SeleniumLibrary" type="TEARDOWN">
<doc>Closes the current browser.</doc>
<status status="PASS" starttime="20211031 23:03:46.178" endtime="20211031 23:03:48.363"/>
</kw>
<doc>This test case verifies enter information about equipment</doc>
<tag>TC10</tag>
<status status="PASS" starttime="20211031 23:03:10.633" endtime="20211031 23:03:48.365"/>
</test>
<kw name="Log" library="BuiltIn" type="TEARDOWN">
<arg>Test end</arg>
<doc>Logs the given message with the given level.</doc>
<msg timestamp="20211031 23:03:48.370" level="INFO">Test end</msg>
<status status="PASS" starttime="20211031 23:03:48.369" endtime="20211031 23:03:48.370"/>
</kw>
<status status="PASS" starttime="20211031 23:03:10.165" endtime="20211031 23:03:48.370"/>
</suite>
<statistics>
<total>
<stat pass="1" fail="0" skip="0">All Tests</stat>
</total>
<tag>
<stat pass="1" fail="0" skip="0">TC10</stat>
</tag>
<suite>
<stat pass="1" fail="0" skip="0" id="s1" name="TestInventory">TestInventory</stat>
</suite>
</statistics>
<errors>
</errors>
</robot>
